[debug] [2022-08-18T19:53:32.028Z] ----------------------------------------------------------------------
[debug] [2022-08-18T19:53:32.031Z] Command:       C:\Program Files\nodejs\node.exe C:\Users\Hp\AppData\Roaming\npm\node_modules\firebase-tools\lib\bin\firebase.js init
[debug] [2022-08-18T19:53:32.032Z] CLI Version:   11.7.0
[debug] [2022-08-18T19:53:32.032Z] Platform:      win32
[debug] [2022-08-18T19:53:32.032Z] Node Version:  v16.16.0
[debug] [2022-08-18T19:53:32.034Z] Time:          Thu Aug 18 2022 16:53:32 GMT-0300 (hora estándar de Argentina)
[debug] [2022-08-18T19:53:32.035Z] ----------------------------------------------------------------------
[debug] 
[debug] [2022-08-18T19:53:32.114Z] > command requires scopes: ["email","openid","https://www.googleapis.com/auth/cloudplatformprojects.readonly","https://www.googleapis.com/auth/firebase","https://www.googleapis.com/auth/cloud-platform"]
[debug] [2022-08-18T19:53:32.115Z] > authorizing via signed-in user (cecigasparr@gmail.com)
[info] 
     ######## #### ########  ######## ########     ###     ######  ########
     ##        ##  ##     ## ##       ##     ##  ##   ##  ##       ##
     ######    ##  ########  ######   ########  #########  ######  ######
     ##        ##  ##    ##  ##       ##     ## ##     ##       ## ##
     ##       #### ##     ## ######## ########  ##     ##  ######  ########

You're about to initialize a Firebase project in this directory:

  D:\Programacion sesi\Trabajos\desafio-semanal-2022-POO

Before we get started, keep in mind:

  * You are initializing within an existing Firebase project directory

[info] 
=== Project Setup
[info] 
[info] First, let's associate this project directory with a Firebase project.
[info] You can create multiple project aliases by running firebase use --add, 
[info] but for now we'll just set up a default project.
[info] 
[debug] [2022-08-18T19:54:33.050Z] Using project from CLI flag: desafio-semanal-2022-poo
[debug] [2022-08-18T19:54:33.053Z] >>> [apiv2][query] GET https://firebase.googleapis.com/v1beta1/projects/desafio-semanal-2022-poo [none]
[debug] [2022-08-18T19:54:33.861Z] <<< [apiv2][status] GET https://firebase.googleapis.com/v1beta1/projects/desafio-semanal-2022-poo 403
[debug] [2022-08-18T19:54:33.861Z] <<< [apiv2][body] GET https://firebase.googleapis.com/v1beta1/projects/desafio-semanal-2022-poo {"error":{"code":403,"message":"The caller does not have permission","status":"PERMISSION_DENIED"}}
[debug] [2022-08-18T19:54:33.863Z] HTTP Error: 403, The caller does not have permission
[debug] [2022-08-18T19:54:34.132Z] FirebaseError: HTTP Error: 403, The caller does not have permission
    at responseToError (C:\Users\Hp\AppData\Roaming\npm\node_modules\firebase-tools\lib\responseToError.js:49:12)
    at RetryOperation._fn (C:\Users\Hp\AppData\Roaming\npm\node_modules\firebase-tools\lib\apiv2.js:288:77)
    at processTicksAndRejections (node:internal/process/task_queues:96:5)
[error] 
[error] Error: Failed to get Firebase project desafio-semanal-2022-poo. Please make sure the project exists and your account has permission to access it.
[debug] [2022-08-18T19:54:56.438Z] ----------------------------------------------------------------------
[debug] [2022-08-18T19:54:56.440Z] Command:       C:\Program Files\nodejs\node.exe C:\Users\Hp\AppData\Roaming\npm\node_modules\firebase-tools\lib\bin\firebase.js init
[debug] [2022-08-18T19:54:56.441Z] CLI Version:   11.7.0
[debug] [2022-08-18T19:54:56.441Z] Platform:      win32
[debug] [2022-08-18T19:54:56.441Z] Node Version:  v16.16.0
[debug] [2022-08-18T19:54:56.442Z] Time:          Thu Aug 18 2022 16:54:56 GMT-0300 (hora estándar de Argentina)
[debug] [2022-08-18T19:54:56.443Z] ----------------------------------------------------------------------
[debug] 
[debug] [2022-08-18T19:54:56.520Z] > command requires scopes: ["email","openid","https://www.googleapis.com/auth/cloudplatformprojects.readonly","https://www.googleapis.com/auth/firebase","https://www.googleapis.com/auth/cloud-platform"]
[debug] [2022-08-18T19:54:56.520Z] > authorizing via signed-in user (cecigasparr@gmail.com)
[info] 
     ######## #### ########  ######## ########     ###     ######  ########
     ##        ##  ##     ## ##       ##     ##  ##   ##  ##       ##
     ######    ##  ########  ######   ########  #########  ######  ######
     ##        ##  ##    ##  ##       ##     ## ##     ##       ## ##
     ##       #### ##     ## ######## ########  ##     ##  ######  ########

You're about to initialize a Firebase project in this directory:

  D:\Programacion sesi\Trabajos\desafio-semanal-2022-POO

Before we get started, keep in mind:

  * You are initializing within an existing Firebase project directory

[info] 
=== Project Setup
[info] 
[info] First, let's associate this project directory with a Firebase project.
[info] You can create multiple project aliases by running firebase use --add, 
[info] but for now we'll just set up a default project.
[info] 
[debug] [2022-08-18T19:55:06.066Z] Using project from CLI flag: desafio-semanal-2022-poo
[debug] [2022-08-18T19:55:06.068Z] >>> [apiv2][query] GET https://firebase.googleapis.com/v1beta1/projects/desafio-semanal-2022-poo [none]
[debug] [2022-08-18T19:55:06.783Z] <<< [apiv2][status] GET https://firebase.googleapis.com/v1beta1/projects/desafio-semanal-2022-poo 403
[debug] [2022-08-18T19:55:06.784Z] <<< [apiv2][body] GET https://firebase.googleapis.com/v1beta1/projects/desafio-semanal-2022-poo {"error":{"code":403,"message":"The caller does not have permission","status":"PERMISSION_DENIED"}}
[debug] [2022-08-18T19:55:06.786Z] HTTP Error: 403, The caller does not have permission
[debug] [2022-08-18T19:55:07.037Z] FirebaseError: HTTP Error: 403, The caller does not have permission
    at responseToError (C:\Users\Hp\AppData\Roaming\npm\node_modules\firebase-tools\lib\responseToError.js:49:12)
    at RetryOperation._fn (C:\Users\Hp\AppData\Roaming\npm\node_modules\firebase-tools\lib\apiv2.js:288:77)
    at processTicksAndRejections (node:internal/process/task_queues:96:5)
[error] 
[error] Error: Failed to get Firebase project desafio-semanal-2022-poo. Please make sure the project exists and your account has permission to access it.
